<?xml version="1.0" encoding="UTF-8"?>
<!-- Generated by org.testng.reporters.JUnitReportReporter -->
<testsuite hostname="DESKTOP-N83H8S6" name="com.jbk.OfflineWebsite.Dashboard" tests="1" failures="0" timestamp="8 Sep 2021 07:44:10 GMT" time="0.921" errors="0">
  <testcase name="moreInfo" time="0.921" classname="com.jbk.OfflineWebsite.Dashboard"/>
</testsuite> <!-- com.jbk.OfflineWebsite.Dashboard -->
