<?xml version="1.0" encoding="UTF-8"?>
<!-- Generated by org.testng.reporters.JUnitReportReporter -->
<testsuite hostname="DESKTOP-N83H8S6" name="com.jbk.OfflineWebsite.Base" tests="1" failures="0" timestamp="8 Sep 2021 06:16:15 GMT" time="30.398" errors="0">
  <testcase name="initialization" time="30.398" classname="com.jbk.OfflineWebsite.Base"/>
</testsuite> <!-- com.jbk.OfflineWebsite.Base -->
