<?xml version="1.0" encoding="UTF-8"?>
<!-- Generated by org.testng.reporters.JUnitReportReporter -->
<testsuite hostname="DESKTOP-N83H8S6" name="session8.FrameHandling" tests="1" failures="0" timestamp="2 Sep 2021 07:58:25 GMT" time="44.360" errors="0">
  <testcase name="test02" time="44.360" classname="session8.FrameHandling"/>
</testsuite> <!-- session8.FrameHandling -->
