<?xml version="1.0" encoding="UTF-8"?>
<!-- Generated by org.testng.reporters.JUnitReportReporter -->
<testsuite hostname="DESKTOP-N83H8S6" name="Session1.DemoCH02" tests="3" failures="0" timestamp="15 Jul 2021 08:00:40 GMT" time="13.916" errors="0">
  <testcase name="userTest" time="3.415" classname="Session1.DemoCH02"/>
  <testcase name="testDashboard" time="3.097" classname="Session1.DemoCH02"/>
  <testcase name="testLoginSuccessful" time="7.404" classname="Session1.DemoCH02"/>
</testsuite> <!-- Session1.DemoCH02 -->
