<?xml version="1.0" encoding="UTF-8"?>
<!-- Generated by org.testng.reporters.JUnitReportReporter -->
<testsuite hostname="DESKTOP-N83H8S6" name="Session1.DemoCH01" tests="3" failures="0" timestamp="15 Jul 2021 08:10:00 GMT" time="13.172" errors="0">
  <testcase name="userTest" time="3.239" classname="Session1.DemoCH01"/>
  <testcase name="testLoginSuccessful" time="4.637" classname="Session1.DemoCH01"/>
  <testcase name="testDashboard" time="5.296" classname="Session1.DemoCH01"/>
</testsuite> <!-- Session1.DemoCH01 -->
